-------------------------------------------------------------------------------
Test set: com.eneik.epidemiology.privacy.MigrationEndToEndVerificationTest
-------------------------------------------------------------------------------
Tests run: 1, Failures: 1, Errors: 0, Skipped: 0, Time elapsed: 0.051 s <<< FAILURE! -- in com.eneik.epidemiology.privacy.MigrationEndToEndVerificationTest
com.eneik.epidemiology.privacy.MigrationEndToEndVerificationTest.testFullMigrationChainAssertsTerminalEscalatedState -- Time elapsed: 0.035 s <<< FAILURE!
org.opentest4j.AssertionFailedError: Failed executing migration chain: Failed to execute SQL script statement #1 of class path resource [db/migration/V20260823065127618__unblock_stuck_subjects.sql]: DO $$ BEGIN IF EXISTS (SELECT FROM pg_tables WHERE tablename='orchestrator_tasks') THEN UPDATE orchestrator_tasks SET status = 'RESOLVED' WHERE subject_id = 'fd6672c6-02c4-455e-a4d9-91e4ae9d308c'
	at org.junit.jupiter.api.AssertionUtils.fail(AssertionUtils.java:38)
	at org.junit.jupiter.api.Assertions.fail(Assertions.java:138)
	at com.eneik.epidemiology.privacy.MigrationEndToEndVerificationTest.testFullMigrationChainAssertsTerminalEscalatedState(MigrationEndToEndVerificationTest.java:93)
	at java.base/java.lang.reflect.Method.invoke(Method.java:580)
	at java.base/java.util.ArrayList.forEach(ArrayList.java:1596)
	at java.base/java.util.ArrayList.forEach(ArrayList.java:1596)
