<?xml version="1.0" encoding="UTF-8"?>
<testsuite xmlns:xsi="http://www.w3.org/2001/XMLSchema-instance" xsi:noNamespaceSchemaLocation="https://maven.apache.org/surefire/maven-surefire-plugin/xsd/surefire-test-report-3.0.xsd" version="3.0" name="com.eneik.epidemiology.user.AuthenticationAccessE2ETest" time="3.096" tests="2" errors="0" skipped="0" failures="0">
  <properties>
[...]
</properties>
  <testcase name="testSelfServiceRecoveryFlow" classname="com.eneik.epidemiology.user.AuthenticationAccessE2ETest" time="0.697">
    <system-out><![CDATA[2026-08-24T06:53:03.967Z  INFO 263297 --- [           main] t.c.s.AnnotationConfigContextLoaderUtils : Could not detect default configuration classes for test class [com.eneik.epidemiology.user.AuthenticationAccessE2ETest]: AuthenticationAccessE2ETest does not declare any static, non-private, non-final, nested classes annotated with @Configuration.
2026-08-24T06:53:03.984Z  INFO 263297 --- [           main] .b.t.c.SpringBootTestContextBootstrapper : Found @SpringBootConfiguration com.eneik.epidemiology.EpidemiologyApplication for test class com.eneik.epidemiology.user.AuthenticationAccessE2ETest

  .   ____          _            __ _ _
 /\\ / ___'_ __ _ _(_)_ __  __ _ \ \ \ \
( ( )\___ | '_ | '_| | '_ \/ _` | \ \ \ \
 \\/  ___)| |_)| | | | | || (_| |  ) ) ) )
  '  |____| .__|_| |_|_| |_\__, | / / / /
 =========|_|==============|___/=/_/_/_/
 :: Spring Boot ::                (v3.2.5)

2026-08-24T06:53:04.061Z  INFO 263297 --- [           main] c.e.e.user.AuthenticationAccessE2ETest   : Starting AuthenticationAccessE2ETest using Java 21.0.10 with PID 263297 (started by jules in /app)
2026-08-24T06:53:04.061Z  INFO 263297 --- [           main] c.e.e.user.AuthenticationAccessE2ETest   : No active profile set, falling back to 1 default profile: "default"
2026-08-24T06:53:04.476Z  INFO 263297 --- [           main] .s.d.r.c.RepositoryConfigurationDelegate : Bootstrapping Spring Data JPA repositories in DEFAULT mode.
2026-08-24T06:53:04.494Z  INFO 263297 --- [           main] .s.d.r.c.RepositoryConfigurationDelegate : Finished Spring Data repository scanning in 17 ms. Found 6 JPA repository interfaces.
2026-08-24T06:53:04.643Z  INFO 263297 --- [           main] com.zaxxer.hikari.HikariDataSource       : HikariPool-2 - Starting...
2026-08-24T06:53:04.691Z  INFO 263297 --- [           main] com.zaxxer.hikari.pool.HikariPool        : HikariPool-2 - Added connection org.testcontainers.jdbc.ConnectionWrapper@617ff78f
2026-08-24T06:53:04.692Z  INFO 263297 --- [           main] com.zaxxer.hikari.HikariDataSource       : HikariPool-2 - Start completed.
2026-08-24T06:53:04.710Z  INFO 263297 --- [           main] o.f.c.i.resource.ResourceNameValidator   : 1 SQL migrations were detected but not run because they did not follow the filename convention.
2026-08-24T06:53:04.710Z  INFO 263297 --- [           main] o.f.c.i.resource.ResourceNameValidator   : Set 'validateMigrationNaming' to true to fail fast and see a list of the invalid file names.
2026-08-24T06:53:04.712Z  INFO 263297 --- [           main] org.flywaydb.core.FlywayExecutor         : Database: jdbc:postgresql://localhost:32781/test (PostgreSQL 15.19)
2026-08-24T06:53:04.755Z  INFO 263297 --- [           main] o.f.core.internal.command.DbValidate     : Successfully validated 26 migrations (execution time 00:00.033s)
2026-08-24T06:53:04.804Z  INFO 263297 --- [           main] o.f.core.internal.command.DbMigrate      : Current version of schema "public": 20260824043658644
2026-08-24T06:53:04.806Z  INFO 263297 --- [           main] o.f.core.internal.command.DbMigrate      : Schema "public" is up to date. No migration necessary.
2026-08-24T06:53:04.879Z  INFO 263297 --- [           main] o.hibernate.jpa.internal.util.LogHelper  : HHH000204: Processing PersistenceUnitInfo [name: default]
2026-08-24T06:53:04.882Z  INFO 263297 --- [           main] o.h.c.internal.RegionFactoryInitiator    : HHH000026: Second-level cache disabled
2026-08-24T06:53:04.889Z  INFO 263297 --- [           main] o.s.o.j.p.SpringPersistenceUnitInfo      : No LoadTimeWeaver setup: ignoring JPA class transformer
2026-08-24T06:53:04.896Z  WARN 263297 --- [           main] org.hibernate.orm.deprecation            : HHH90000025: PostgreSQLDialect does not need to be specified explicitly using 'hibernate.dialect' (remove the property setting and it will be selected by default)
2026-08-24T06:53:05.160Z  INFO 263297 --- [           main] o.h.e.t.j.p.i.JtaPlatformInitiator       : HHH000489: No JTA platform available (set 'hibernate.transaction.jta.platform' to enable JTA platform integration)
2026-08-24T06:53:05.161Z  INFO 263297 --- [           main] j.LocalContainerEntityManagerFactoryBean : Initialized JPA EntityManagerFactory for persistence unit 'default'
2026-08-24T06:53:05.493Z  WARN 263297 --- [           main] JpaBaseConfiguration$JpaWebConfiguration : spring.jpa.open-in-view is enabled by default. Therefore, database queries may be performed during view rendering. Explicitly configure spring.jpa.open-in-view to disable this warning
2026-08-24T06:53:05.526Z  WARN 263297 --- [           main] .s.s.UserDetailsServiceAutoConfiguration :

Using generated security password: be0d0cf1-0ee9-49f7-90d4-c1b1415e36ed

This generated password is for development use only. Your security configuration must be updated before running your application in production.

2026-08-24T06:53:05.766Z  INFO 263297 --- [           main] o.s.b.a.e.web.EndpointLinksResolver      : Exposing 1 endpoint(s) beneath base path '/actuator'
2026-08-24T06:53:05.804Z  INFO 263297 --- [           main] o.s.s.web.DefaultSecurityFilterChain     : Will secure any request with [org.springframework.security.web.session.DisableEncodeUrlFilter@9201335, org.springframework.security.web.context.request.async.WebAsyncManagerIntegrationFilter@461e3e5, org.springframework.security.web.context.SecurityContextHolderFilter@20bb5d7f, org.springframework.security.web.header.HeaderWriterFilter@63c10f2d, org.springframework.web.filter.CorsFilter@481bd693, org.springframework.security.web.authentication.logout.LogoutFilter@5a1f3003, com.eneik.epidemiology.security.JwtAuthenticationFilter@25941b5b, org.springframework.security.web.savedrequest.RequestCacheAwareFilter@270706e3, org.springframework.security.web.servletapi.SecurityContextHolderAwareRequestFilter@2f8a57c2, org.springframework.security.web.authentication.AnonymousAuthenticationFilter@6179761f, org.springframework.security.web.session.SessionManagementFilter@3a949bec, org.springframework.security.web.access.ExceptionTranslationFilter@64225277, org.springframework.security.web.access.intercept.AuthorizationFilter@3e666559]
2026-08-24T06:53:06.220Z  INFO 263297 --- [           main] c.e.e.user.AuthenticationAccessE2ETest   : Started AuthenticationAccessE2ETest in 2.227 seconds (process running for 20.948)
2026-08-24T06:53:06.574Z  INFO 263297 --- [           main] c.e.e.auth.PasswordRecoveryService       : [OUTBOUND NOTIFICATION CHANNEL] Sent recovery link 'http://localhost:8080/reset-password?token=rec_tok_7f01eb7754713910c3484f9bab2f7040' to identity 'locked_researcher'
]]></system-out>
  </testcase>
  <testcase name="testEmployeeAccessRestrictions" classname="com.eneik.epidemiology.user.AuthenticationAccessE2ETest" time="0.129"/>
</testsuite>