<?xml version="1.0" encoding="UTF-8"?>
<testsuite xmlns:xsi="http://www.w3.org/2001/XMLSchema-instance" xsi:noNamespaceSchemaLocation="https://maven.apache.org/surefire/maven-surefire-plugin/xsd/surefire-test-report-3.0.xsd" version="3.0" name="com.eneik.epidemiology.health.HealthControllerTest" time="11.824" tests="2" errors="0" skipped="0" failures="0">
  <properties>
[...]
</properties>
  <testcase name="testHealthEndpoint" classname="com.eneik.epidemiology.health.HealthControllerTest" time="0.832">
    <system-out><![CDATA[05:55:15.986 [main] INFO org.springframework.test.context.support.AnnotationConfigContextLoaderUtils -- Could not detect default configuration classes for test class [com.eneik.epidemiology.health.HealthControllerTest]: HealthControllerTest does not declare any static, non-private, non-final, nested classes annotated with @Configuration.
05:55:16.162 [main] INFO org.springframework.boot.test.context.SpringBootTestContextBootstrapper -- Found @SpringBootConfiguration com.eneik.epidemiology.EpidemiologyApplication for test class com.eneik.epidemiology.health.HealthControllerTest

  .   ____          _            __ _ _
 /\\ / ___'_ __ _ _(_)_ __  __ _ \ \ \ \
( ( )\___ | '_ | '_| | '_ \/ _` | \ \ \ \
 \\/  ___)| |_)| | | | | || (_| |  ) ) ) )
  '  |____| .__|_| |_|_| |_\__, | / / / /
 =========|_|==============|___/=/_/_/_/
 :: Spring Boot ::                (v3.2.5)

2026-08-23T05:55:16.722Z  INFO 291108 --- [           main] c.e.e.health.HealthControllerTest        : Starting HealthControllerTest using Java 21.0.10 with PID 291108 (started by jules in /app)
2026-08-23T05:55:16.724Z  INFO 291108 --- [           main] c.e.e.health.HealthControllerTest        : No active profile set, falling back to 1 default profile: "default"
2026-08-23T05:55:18.167Z  INFO 291108 --- [           main] .s.d.r.c.RepositoryConfigurationDelegate : Bootstrapping Spring Data JPA repositories in DEFAULT mode.
2026-08-23T05:55:18.249Z  INFO 291108 --- [           main] .s.d.r.c.RepositoryConfigurationDelegate : Finished Spring Data repository scanning in 72 ms. Found 6 JPA repository interfaces.
2026-08-23T05:55:18.376Z  INFO 291108 --- [           main] EmbeddedDatabaseContextCustomizerFactory : Replacing 'dataSource' DataSource bean with embedded version
2026-08-23T05:55:18.893Z  WARN 291108 --- [           main] trationDelegate$BeanPostProcessorChecker : Bean 'io.zonky.test.db.config.EmbeddedDatabaseAutoConfiguration' of type [io.zonky.test.db.config.EmbeddedDatabaseAutoConfiguration$$SpringCGLIB$$0] is not eligible for getting processed by all BeanPostProcessors (for example: not eligible for auto-proxying). The currently created BeanPostProcessor [flywayDatabaseExtension] is declared through a non-static factory method on that class; consider declaring it as static instead.
2026-08-23T05:55:19.271Z  INFO 291108 --- [  prefetching-1] i.z.t.d.p.embedded.EmbeddedPostgres      : Detected a Linux x86_64 system
2026-08-23T05:55:19.301Z  INFO 291108 --- [  prefetching-1] .z.t.d.p.e.DefaultPostgresBinaryResolver : Detected distribution: 'Ubuntu'
2026-08-23T05:55:19.303Z  INFO 291108 --- [  prefetching-1] .z.t.d.p.e.DefaultPostgresBinaryResolver : System specific postgres binaries found: 'postgres-linux-x86_64.txz'
2026-08-23T05:55:19.373Z  INFO 291108 --- [  prefetching-1] i.z.t.d.p.embedded.EmbeddedPostgres      : Postgres binaries at /tmp/embedded-pg/PG-1a75b2fdb57c5cfc8674f29ebb0d831b
2026-08-23T05:55:19.391Z  INFO 291108 --- [tdb:pid(291679)] i.z.t.d.p.embedded.EmbeddedPostgres      : The files belonging to this database system will be owned by user "jules".
2026-08-23T05:55:19.395Z  INFO 291108 --- [tdb:pid(291679)] i.z.t.d.p.embedded.EmbeddedPostgres      : This user must also own the server process.
2026-08-23T05:55:19.395Z  INFO 291108 --- [tdb:pid(291679)] i.z.t.d.p.embedded.EmbeddedPostgres      :
2026-08-23T05:55:19.395Z  INFO 291108 --- [tdb:pid(291679)] i.z.t.d.p.embedded.EmbeddedPostgres      : The database cluster will be initialized with locale "C.UTF-8".
2026-08-23T05:55:19.395Z  INFO 291108 --- [tdb:pid(291679)] i.z.t.d.p.embedded.EmbeddedPostgres      : The default text search configuration will be set to "english".
2026-08-23T05:55:19.395Z  INFO 291108 --- [tdb:pid(291679)] i.z.t.d.p.embedded.EmbeddedPostgres      :
2026-08-23T05:55:19.396Z  INFO 291108 --- [tdb:pid(291679)] i.z.t.d.p.embedded.EmbeddedPostgres      : Data page checksums are disabled.
2026-08-23T05:55:19.396Z  INFO 291108 --- [tdb:pid(291679)] i.z.t.d.p.embedded.EmbeddedPostgres      :
2026-08-23T05:55:19.396Z  INFO 291108 --- [tdb:pid(291679)] i.z.t.d.p.embedded.EmbeddedPostgres      : fixing permissions on existing directory /tmp/epg13109823752356609231 ... ok
2026-08-23T05:55:19.397Z  INFO 291108 --- [tdb:pid(291679)] i.z.t.d.p.embedded.EmbeddedPostgres      : creating subdirectories ... ok
2026-08-23T05:55:19.398Z  INFO 291108 --- [tdb:pid(291679)] i.z.t.d.p.embedded.EmbeddedPostgres      : selecting dynamic shared memory implementation ... posix
2026-08-23T05:55:19.442Z  INFO 291108 --- [tdb:pid(291679)] i.z.t.d.p.embedded.EmbeddedPostgres      : selecting default max_connections ... 100
2026-08-23T05:55:19.493Z  INFO 291108 --- [tdb:pid(291679)] i.z.t.d.p.embedded.EmbeddedPostgres      : selecting default shared_buffers ... 128MB
2026-08-23T05:55:19.509Z  INFO 291108 --- [tdb:pid(291679)] i.z.t.d.p.embedded.EmbeddedPostgres      : selecting default time zone ... Etc/UTC
2026-08-23T05:55:19.512Z  INFO 291108 --- [tdb:pid(291679)] i.z.t.d.p.embedded.EmbeddedPostgres      : creating configuration files ... ok
2026-08-23T05:55:19.848Z  INFO 291108 --- [tdb:pid(291679)] i.z.t.d.p.embedded.EmbeddedPostgres      : running bootstrap script ... ok
2026-08-23T05:55:20.720Z  INFO 291108 --- [tdb:pid(291679)] i.z.t.d.p.embedded.EmbeddedPostgres      : performing post-bootstrap initialization ... ok
2026-08-23T05:55:21.391Z  INFO 291108 --- [tdb:pid(291679)] i.z.t.d.p.embedded.EmbeddedPostgres      : syncing data to disk ... ok
2026-08-23T05:55:21.391Z  INFO 291108 --- [tdb:pid(291679)] i.z.t.d.p.embedded.EmbeddedPostgres      :
2026-08-23T05:55:21.391Z  INFO 291108 --- [tdb:pid(291679)] i.z.t.d.p.embedded.EmbeddedPostgres      : Success. You can now start the database server using:
2026-08-23T05:55:21.391Z  INFO 291108 --- [tdb:pid(291679)] i.z.t.d.p.embedded.EmbeddedPostgres      :
2026-08-23T05:55:21.392Z  INFO 291108 --- [tdb:pid(291679)] i.z.t.d.p.embedded.EmbeddedPostgres      :     /tmp/embedded-pg/PG-1a75b2fdb57c5cfc8674f29ebb0d831b/bin/pg_ctl -D /tmp/epg13109823752356609231 -l logfile start
2026-08-23T05:55:21.392Z  INFO 291108 --- [tdb:pid(291679)] i.z.t.d.p.embedded.EmbeddedPostgres      :
2026-08-23T05:55:21.391Z  INFO 291108 --- [  prefetching-1] i.z.t.d.p.embedded.EmbeddedPostgres      : e5ad1e72-fc54-44fe-920a-8275f72df0f5 initdb completed in 00:00:02.016
2026-08-23T05:55:21.400Z  INFO 291108 --- [  prefetching-1] i.z.t.d.p.embedded.EmbeddedPostgres      : e5ad1e72-fc54-44fe-920a-8275f72df0f5 postmaster started as Process[pid=291693, exitValue="not exited"] on port 45417.  Waiting up to PT20S for server startup to finish.
2026-08-23T05:55:21.517Z  INFO 291108 --- [res:pid(291693)] i.z.t.d.p.embedded.EmbeddedPostgres      : waiting for server to start....2026-08-23 05:55:21.517 UTC [291697] LOG:  starting PostgreSQL 14.10 on x86_64-pc-linux-gnu, compiled by gcc (Ubuntu 7.5.0-3ubuntu1~18.04) 7.5.0, 64-bit
2026-08-23T05:55:21.518Z  INFO 291108 --- [res:pid(291693)] i.z.t.d.p.embedded.EmbeddedPostgres      : 2026-08-23 05:55:21.518 UTC [291697] LOG:  listening on IPv6 address "::1", port 45417
2026-08-23T05:55:21.518Z  INFO 291108 --- [res:pid(291693)] i.z.t.d.p.embedded.EmbeddedPostgres      : 2026-08-23 05:55:21.518 UTC [291697] LOG:  listening on IPv4 address "127.0.0.1", port 45417
2026-08-23T05:55:21.518Z  INFO 291108 --- [res:pid(291693)] i.z.t.d.p.embedded.EmbeddedPostgres      : 2026-08-23 05:55:21.518 UTC [291697] LOG:  listening on Unix socket "/tmp/.s.PGSQL.45417"
2026-08-23T05:55:21.520Z  INFO 291108 --- [res:pid(291693)] i.z.t.d.p.embedded.EmbeddedPostgres      : 2026-08-23 05:55:21.520 UTC [291698] LOG:  database system was shut down at 2026-08-23 05:55:20 UTC
2026-08-23T05:55:21.524Z  INFO 291108 --- [res:pid(291693)] i.z.t.d.p.embedded.EmbeddedPostgres      : 2026-08-23 05:55:21.524 UTC [291697] LOG:  database system is ready to accept connections
2026-08-23T05:55:21.611Z  INFO 291108 --- [res:pid(291693)] i.z.t.d.p.embedded.EmbeddedPostgres      :  done
2026-08-23T05:55:21.611Z  INFO 291108 --- [res:pid(291693)] i.z.t.d.p.embedded.EmbeddedPostgres      : server started
2026-08-23T05:55:21.723Z  INFO 291108 --- [  prefetching-1] i.z.t.d.p.embedded.EmbeddedPostgres      : e5ad1e72-fc54-44fe-920a-8275f72df0f5 postmaster startup finished in 00:00:00.327
2026-08-23T05:55:22.073Z  INFO 291108 --- [  prefetching-2] o.f.c.internal.license.VersionPrinter    : Flyway Community Edition 9.22.3 by Redgate
2026-08-23T05:55:22.073Z  INFO 291108 --- [  prefetching-2] o.f.c.internal.license.VersionPrinter    : See release notes here: https://rd.gt/416ObMi
2026-08-23T05:55:22.073Z  INFO 291108 --- [  prefetching-2] o.f.c.internal.license.VersionPrinter    :
2026-08-23T05:55:22.082Z  INFO 291108 --- [  prefetching-2] o.f.c.i.resource.ResourceNameValidator   : 1 SQL migrations were detected but not run because they did not follow the filename convention.
2026-08-23T05:55:22.083Z  INFO 291108 --- [  prefetching-2] o.f.c.i.resource.ResourceNameValidator   : Set 'validateMigrationNaming' to true to fail fast and see a list of the invalid file names.
2026-08-23T05:55:22.094Z  INFO 291108 --- [  prefetching-2] org.flywaydb.core.FlywayExecutor         : Database: jdbc:postgresql://localhost:45417/nteptmsvzmka (PostgreSQL 14.10)
2026-08-23T05:55:22.126Z  INFO 291108 --- [  prefetching-2] o.f.c.i.s.JdbcTableSchemaHistory         : Schema history table "public"."flyway_schema_history" does not exist yet
2026-08-23T05:55:22.130Z  INFO 291108 --- [  prefetching-2] o.f.core.internal.command.DbValidate     : Successfully validated 5 migrations (execution time 00:00.018s)
2026-08-23T05:55:22.142Z  INFO 291108 --- [  prefetching-2] o.f.c.i.s.JdbcTableSchemaHistory         : Creating Schema History table "public"."flyway_schema_history" ...
2026-08-23T05:55:22.190Z  INFO 291108 --- [  prefetching-2] o.f.core.internal.command.DbMigrate      : Current version of schema "public": << Empty Schema >>
2026-08-23T05:55:22.200Z  INFO 291108 --- [  prefetching-2] o.f.core.internal.command.DbMigrate      : Migrating schema "public" to version "20260822225105263 - create documents table"
2026-08-23T05:55:22.222Z  INFO 291108 --- [  prefetching-2] o.f.core.internal.command.DbMigrate      : Migrating schema "public" to version "20260822225524837 - create users table"
2026-08-23T05:55:22.236Z  INFO 291108 --- [  prefetching-2] o.f.core.internal.command.DbMigrate      : Migrating schema "public" to version "20260822225528299 - create password recovery tokens table"
2026-08-23T05:55:22.249Z  INFO 291108 --- [  prefetching-2] o.f.core.internal.command.DbMigrate      : Migrating schema "public" to version "20260822225712803 - create telemetry events table"
2026-08-23T05:55:22.261Z  INFO 291108 --- [  prefetching-2] o.f.core.internal.command.DbMigrate      : Migrating schema "public" to version "20260822225721572 - create privacy requests tables"
2026-08-23T05:55:22.274Z  INFO 291108 --- [  prefetching-2] o.f.core.internal.command.DbMigrate      : Successfully applied 5 migrations to schema "public", now at version v20260822225721572 (execution time 00:00.030s)
2026-08-23T05:55:22.370Z  INFO 291108 --- [           main] o.hibernate.jpa.internal.util.LogHelper  : HHH000204: Processing PersistenceUnitInfo [name: default]
2026-08-23T05:55:22.431Z  INFO 291108 --- [           main] org.hibernate.Version                    : HHH000412: Hibernate ORM core version 6.4.4.Final
2026-08-23T05:55:22.473Z  INFO 291108 --- [           main] o.h.c.internal.RegionFactoryInitiator    : HHH000026: Second-level cache disabled
2026-08-23T05:55:22.692Z  INFO 291108 --- [           main] o.s.o.j.p.SpringPersistenceUnitInfo      : No LoadTimeWeaver setup: ignoring JPA class transformer
2026-08-23T05:55:22.753Z  WARN 291108 --- [           main] org.hibernate.orm.deprecation            : HHH90000025: PostgreSQLDialect does not need to be specified explicitly using 'hibernate.dialect' (remove the property setting and it will be selected by default)
2026-08-23T05:55:23.831Z  INFO 291108 --- [           main] o.h.e.t.j.p.i.JtaPlatformInitiator       : HHH000489: No JTA platform available (set 'hibernate.transaction.jta.platform' to enable JTA platform integration)
2026-08-23T05:55:23.836Z  INFO 291108 --- [           main] j.LocalContainerEntityManagerFactoryBean : Initialized JPA EntityManagerFactory for persistence unit 'default'
2026-08-23T05:55:24.235Z  INFO 291108 --- [           main] o.s.d.j.r.query.QueryEnhancerFactory     : Hibernate is in classpath; If applicable, HQL parser will be used.
2026-08-23T05:55:25.139Z  WARN 291108 --- [           main] JpaBaseConfiguration$JpaWebConfiguration : spring.jpa.open-in-view is enabled by default. Therefore, database queries may be performed during view rendering. Explicitly configure spring.jpa.open-in-view to disable this warning
2026-08-23T05:55:25.177Z  WARN 291108 --- [           main] .s.s.UserDetailsServiceAutoConfiguration :

Using generated security password: 08c37ab0-cc9f-456c-b7aa-ce50163dc99f

This generated password is for development use only. Your security configuration must be updated before running your application in production.

2026-08-23T05:55:25.689Z  INFO 291108 --- [           main] o.s.b.a.e.web.EndpointLinksResolver      : Exposing 1 endpoint(s) beneath base path '/actuator'
2026-08-23T05:55:25.761Z  INFO 291108 --- [           main] o.s.s.web.DefaultSecurityFilterChain     : Will secure any request with [org.springframework.security.web.session.DisableEncodeUrlFilter@4e881e14, org.springframework.security.web.context.request.async.WebAsyncManagerIntegrationFilter@6e13e2fc, org.springframework.security.web.context.SecurityContextHolderFilter@6382bc3f, org.springframework.security.web.header.HeaderWriterFilter@d2eddc2, org.springframework.web.filter.CorsFilter@13448d2d, org.springframework.security.web.authentication.logout.LogoutFilter@7b2f18cd, com.eneik.epidemiology.security.JwtAuthenticationFilter@2e7a6dcd, org.springframework.security.web.savedrequest.RequestCacheAwareFilter@71a9e31b, org.springframework.security.web.servletapi.SecurityContextHolderAwareRequestFilter@5a41183b, org.springframework.security.web.authentication.AnonymousAuthenticationFilter@3444ac8f, org.springframework.security.web.session.SessionManagementFilter@5d12fa92, org.springframework.security.web.access.ExceptionTranslationFilter@289a70a, org.springframework.security.web.access.intercept.AuthorizationFilter@d4df4ce]
2026-08-23T05:55:26.435Z  INFO 291108 --- [           main] o.s.b.t.m.w.SpringBootMockServletContext : Initializing Spring TestDispatcherServlet ''
2026-08-23T05:55:26.436Z  INFO 291108 --- [           main] o.s.t.web.servlet.TestDispatcherServlet  : Initializing Servlet ''
2026-08-23T05:55:26.438Z  INFO 291108 --- [           main] o.s.t.web.servlet.TestDispatcherServlet  : Completed initialization in 2 ms
2026-08-23T05:55:26.541Z  INFO 291108 --- [           main] c.e.e.health.HealthControllerTest        : Started HealthControllerTest in 10.193 seconds (process running for 11.694)
2026-08-23T05:55:27.339Z  INFO 291108 --- [           main] i.z.t.d.l.EmbeddedDatabaseReporter       : JDBC URL to connect to 'dataSource': url='jdbc:postgresql://localhost:45417/httwbsazjxvv?user=postgres', scope='HealthControllerTest#testHealthEndpoint'
]]></system-out>
    <system-err><![CDATA[WARNING: A Java agent has been loaded dynamically (/home/jules/.m2/repository/net/bytebuddy/byte-buddy-agent/1.14.13/byte-buddy-agent-1.14.13.jar)
WARNING: If a serviceability tool is in use, please run with -XX:+EnableDynamicAgentLoading to hide this warning
WARNING: If a serviceability tool is not in use, please run with -Djdk.instrument.traceUsage for more information
WARNING: Dynamic loading of agents will be disallowed by default in a future release
]]></system-err>
  </testcase>
  <testcase name="testActuatorHealthEndpoint" classname="com.eneik.epidemiology.health.HealthControllerTest" time="0.084">
    <system-out><![CDATA[2026-08-23T05:55:27.503Z  INFO 291108 --- [           main] i.z.t.d.l.EmbeddedDatabaseReporter       : JDBC URL to connect to 'dataSource': url='jdbc:postgresql://localhost:45417/httwbsazjxvv?user=postgres', scope='HealthControllerTest#testActuatorHealthEndpoint'
]]></system-out>
  </testcase>
</testsuite>