<?xml version="1.0" encoding="UTF-8"?>
<testsuite xmlns:xsi="http://www.w3.org/2001/XMLSchema-instance" xsi:noNamespaceSchemaLocation="https://maven.apache.org/surefire/maven-surefire-plugin/xsd/surefire-test-report-3.0.xsd" version="3.0" name="com.eneik.epidemiology.health.HealthControllerTest" time="17.792" tests="2" errors="0" skipped="0" failures="0">
  <properties>
[...]
</properties>
  <testcase name="testHealthEndpoint" classname="com.eneik.epidemiology.health.HealthControllerTest" time="0.922">
    <system-out><![CDATA[06:52:46.392 [main] INFO org.springframework.test.context.support.AnnotationConfigContextLoaderUtils -- Could not detect default configuration classes for test class [com.eneik.epidemiology.health.HealthControllerTest]: HealthControllerTest does not declare any static, non-private, non-final, nested classes annotated with @Configuration.
06:52:46.564 [main] INFO org.springframework.boot.test.context.SpringBootTestContextBootstrapper -- Found @SpringBootConfiguration com.eneik.epidemiology.EpidemiologyApplication for test class com.eneik.epidemiology.health.HealthControllerTest

  .   ____          _            __ _ _
 /\\ / ___'_ __ _ _(_)_ __  __ _ \ \ \ \
( ( )\___ | '_ | '_| | '_ \/ _` | \ \ \ \
 \\/  ___)| |_)| | | | | || (_| |  ) ) ) )
  '  |____| .__|_| |_|_| |_\__, | / / / /
 =========|_|==============|___/=/_/_/_/
 :: Spring Boot ::                (v3.2.5)

2026-08-24T06:52:47.174Z  INFO 263297 --- [           main] c.e.e.health.HealthControllerTest        : Starting HealthControllerTest using Java 21.0.10 with PID 263297 (started by jules in /app)
2026-08-24T06:52:47.177Z  INFO 263297 --- [           main] c.e.e.health.HealthControllerTest        : No active profile set, falling back to 1 default profile: "default"
2026-08-24T06:52:48.772Z  INFO 263297 --- [           main] .s.d.r.c.RepositoryConfigurationDelegate : Bootstrapping Spring Data JPA repositories in DEFAULT mode.
2026-08-24T06:52:48.870Z  INFO 263297 --- [           main] .s.d.r.c.RepositoryConfigurationDelegate : Finished Spring Data repository scanning in 86 ms. Found 6 JPA repository interfaces.
2026-08-24T06:52:49.818Z  INFO 263297 --- [           main] com.zaxxer.hikari.HikariDataSource       : HikariPool-1 - Starting...
2026-08-24T06:52:49.867Z  INFO 263297 --- [           main] org.testcontainers.images.PullPolicy     : Image pull policy will be performed by: DefaultPullPolicy()
2026-08-24T06:52:49.870Z  INFO 263297 --- [           main] o.t.utility.ImageNameSubstitutor         : Image name substitution will be performed by: DefaultImageNameSubstitutor (composite of 'ConfigurationFileImageNameSubstitutor' and 'PrefixingImageNameSubstitutor')
2026-08-24T06:52:50.083Z  INFO 263297 --- [           main] o.t.d.DockerClientProviderStrategy       : Loaded org.testcontainers.dockerclient.UnixSocketClientProviderStrategy from ~/.testcontainers.properties, will try it first
2026-08-24T06:52:50.491Z  INFO 263297 --- [           main] o.t.d.DockerClientProviderStrategy       : Found Docker environment with local Unix socket (unix:///var/run/docker.sock)
2026-08-24T06:52:50.492Z  INFO 263297 --- [           main] org.testcontainers.DockerClientFactory   : Docker host IP address is localhost
2026-08-24T06:52:50.520Z  INFO 263297 --- [           main] org.testcontainers.DockerClientFactory   : Connected to docker:
  Server Version: 29.2.1
  API Version: 1.53
  Operating System: Ubuntu 24.04.4 LTS
  Total Memory: 7959 MB
2026-08-24T06:52:50.544Z  INFO 263297 --- [           main] tc.testcontainers/ryuk:0.6.0             : Creating container for image: testcontainers/ryuk:0.6.0
2026-08-24T06:52:50.550Z  INFO 263297 --- [           main] o.t.utility.RegistryAuthLocator          : Failure when attempting to lookup auth config. Please ignore if you don't have images in an authenticated registry. Details: (dockerImageName: testcontainers/ryuk:0.6.0, configFile: /home/jules/.docker/config.json, configEnv: DOCKER_AUTH_CONFIG). Falling back to docker-java default behaviour. Exception message: Status 404: No config supplied. Checked in order: /home/jules/.docker/config.json (file not found), DOCKER_AUTH_CONFIG (not set)
2026-08-24T06:52:50.799Z  INFO 263297 --- [           main] tc.testcontainers/ryuk:0.6.0             : Container testcontainers/ryuk:0.6.0 is starting: ee8fc86a798bd1fe6c3741c692b7a5120021c8cda384d9965b5513d96b36b512
2026-08-24T06:52:51.165Z  INFO 263297 --- [           main] tc.testcontainers/ryuk:0.6.0             : Container testcontainers/ryuk:0.6.0 started in PT0.621558868S
2026-08-24T06:52:51.175Z  INFO 263297 --- [           main] o.t.utility.RyukResourceReaper           : Ryuk started - will monitor and terminate Testcontainers containers on JVM exit
2026-08-24T06:52:51.175Z  INFO 263297 --- [           main] org.testcontainers.DockerClientFactory   : Checking the system...
2026-08-24T06:52:51.176Z  INFO 263297 --- [           main] org.testcontainers.DockerClientFactory   : ✔︎ Docker server version should be at least 1.6.0
2026-08-24T06:52:51.177Z  INFO 263297 --- [           main] tc.postgres:15-alpine                    : Creating container for image: postgres:15-alpine
2026-08-24T06:52:52.158Z  INFO 263297 --- [           main] tc.postgres:15-alpine                    : Container postgres:15-alpine is starting: cf2f91b7c2a280b5afb981902519c985b616749881ec76ce6aa885b994dcca4c
2026-08-24T06:52:55.077Z  INFO 263297 --- [           main] tc.postgres:15-alpine                    : Container postgres:15-alpine started in PT3.900275364S
2026-08-24T06:52:55.078Z  INFO 263297 --- [           main] tc.postgres:15-alpine                    : Container is started (JDBC URL: jdbc:postgresql://localhost:32781/test?loggerLevel=OFF)
2026-08-24T06:52:55.319Z  INFO 263297 --- [           main] com.zaxxer.hikari.pool.HikariPool        : HikariPool-1 - Added connection org.testcontainers.jdbc.ConnectionWrapper@73da303e
2026-08-24T06:52:55.321Z  INFO 263297 --- [           main] com.zaxxer.hikari.HikariDataSource       : HikariPool-1 - Start completed.
2026-08-24T06:52:55.424Z  INFO 263297 --- [           main] o.f.c.internal.license.VersionPrinter    : Flyway Community Edition 9.22.3 by Redgate
2026-08-24T06:52:55.425Z  INFO 263297 --- [           main] o.f.c.internal.license.VersionPrinter    : See release notes here: https://rd.gt/416ObMi
2026-08-24T06:52:55.425Z  INFO 263297 --- [           main] o.f.c.internal.license.VersionPrinter    :
2026-08-24T06:52:55.437Z  INFO 263297 --- [           main] o.f.c.i.resource.ResourceNameValidator   : 1 SQL migrations were detected but not run because they did not follow the filename convention.
2026-08-24T06:52:55.437Z  INFO 263297 --- [           main] o.f.c.i.resource.ResourceNameValidator   : Set 'validateMigrationNaming' to true to fail fast and see a list of the invalid file names.
2026-08-24T06:52:55.446Z  INFO 263297 --- [           main] org.flywaydb.core.FlywayExecutor         : Database: jdbc:postgresql://localhost:32781/test (PostgreSQL 15.19)
2026-08-24T06:52:55.504Z  INFO 263297 --- [           main] o.f.c.i.s.JdbcTableSchemaHistory         : Schema history table "public"."flyway_schema_history" does not exist yet
2026-08-24T06:52:55.508Z  INFO 263297 --- [           main] o.f.core.internal.command.DbValidate     : Successfully validated 26 migrations (execution time 00:00.037s)
2026-08-24T06:52:55.534Z  INFO 263297 --- [           main] o.f.c.i.s.JdbcTableSchemaHistory         : Creating Schema History table "public"."flyway_schema_history" ...
2026-08-24T06:52:55.580Z  INFO 263297 --- [           main] o.f.core.internal.command.DbMigrate      : Current version of schema "public": << Empty Schema >>
2026-08-24T06:52:55.593Z  INFO 263297 --- [           main] o.f.core.internal.command.DbMigrate      : Migrating schema "public" to version "20260822225105263 - create documents table"
2026-08-24T06:52:55.642Z  INFO 263297 --- [           main] o.f.core.internal.command.DbMigrate      : Migrating schema "public" to version "20260822225524837 - create users table"
2026-08-24T06:52:55.677Z  INFO 263297 --- [           main] o.f.core.internal.command.DbMigrate      : Migrating schema "public" to version "20260822225528299 - create password recovery tokens table"
2026-08-24T06:52:55.709Z  INFO 263297 --- [           main] o.f.core.internal.command.DbMigrate      : Migrating schema "public" to version "20260822225712803 - create telemetry events table"
2026-08-24T06:52:55.734Z  INFO 263297 --- [           main] o.f.core.internal.command.DbMigrate      : Migrating schema "public" to version "20260822225721572 - create privacy requests tables"
2026-08-24T06:52:55.770Z  INFO 263297 --- [           main] o.f.core.internal.command.DbMigrate      : Migrating schema "public" to version "20260823023034126 - patch iam implementation and tests"
2026-08-24T06:52:55.775Z  WARN 263297 --- [           main] o.f.c.i.s.DefaultSqlScriptExecutor       : DB: relation "idx_users_username" already exists, skipping (SQL State: 42P07 - Error Code: 0)
2026-08-24T06:52:55.799Z  INFO 263297 --- [           main] o.f.core.internal.command.DbMigrate      : Migrating schema "public" to version "20260823055044137 - resolve stuck subject fd6672c6"
2026-08-24T06:52:55.815Z  INFO 263297 --- [           main] o.f.core.internal.command.DbMigrate      : Migrating schema "public" to version "20260823065127618 - unblock stuck subjects"
2026-08-24T06:52:55.839Z  INFO 263297 --- [           main] o.f.core.internal.command.DbMigrate      : Migrating schema "public" to version "20260823075743029 - resolve stuck operations auditor subjects"
2026-08-24T06:52:55.853Z  INFO 263297 --- [           main] o.f.core.internal.command.DbMigrate      : Migrating schema "public" to version "20260823075746149 - reconcile orchestrator subjects blocker"
2026-08-24T06:52:55.867Z  INFO 263297 --- [           main] o.f.core.internal.command.DbMigrate      : Migrating schema "public" to version "20260823081040819 - escalate stuck subjects"
2026-08-24T06:52:55.880Z  INFO 263297 --- [           main] o.f.core.internal.command.DbMigrate      : Migrating schema "public" to version "20260823090157407 - flag stuck subjects for human review"
2026-08-24T06:52:55.892Z  INFO 263297 --- [           main] o.f.core.internal.command.DbMigrate      : Migrating schema "public" to version "20260823112541517 - unblock stuck operations auditor subjects"
2026-08-24T06:52:55.906Z  INFO 263297 --- [           main] o.f.core.internal.command.DbMigrate      : Migrating schema "public" to version "20260823120137107 - patch stuck operations auditor subjects"
2026-08-24T06:52:55.923Z  INFO 263297 --- [           main] o.f.core.internal.command.DbMigrate      : Migrating schema "public" to version "20260823124635268 - align datastore runtime contract"
2026-08-24T06:52:55.936Z  INFO 263297 --- [           main] o.f.core.internal.command.DbMigrate      : Migrating schema "public" to version "20260823124641621 - automated resolution patch stuck auditor subjects"
2026-08-24T06:52:55.951Z  INFO 263297 --- [           main] o.f.core.internal.command.DbMigrate      : Migrating schema "public" to version "20260823163359065 - unblock orchestrator tasks"
2026-08-24T06:52:55.964Z  INFO 263297 --- [           main] o.f.core.internal.command.DbMigrate      : Migrating schema "public" to version "20260823163448645 - automated resolution all stuck subjects"
2026-08-24T06:52:55.996Z  INFO 263297 --- [           main] o.f.core.internal.command.DbMigrate      : Migrating schema "public" to version "20260823204720699 - unblock stuck auditor subjects and escalate"
2026-08-24T06:52:56.009Z  INFO 263297 --- [           main] o.f.core.internal.command.DbMigrate      : Migrating schema "public" to version "20260823204729270 - unblock stuck subjects"
2026-08-24T06:52:56.021Z  INFO 263297 --- [           main] o.f.core.internal.command.DbMigrate      : Migrating schema "public" to version "20260824004538228 - align datastore runtime contract"
2026-08-24T06:52:56.031Z  INFO 263297 --- [           main] o.f.core.internal.command.DbMigrate      : Migrating schema "public" to version "20260824004540925 - patch validation rule review concerns"
2026-08-24T06:52:56.041Z  INFO 263297 --- [           main] o.f.core.internal.command.DbMigrate      : Migrating schema "public" to version "20260824022702097 - patch validation rule review concerns"
2026-08-24T06:52:56.052Z  INFO 263297 --- [           main] o.f.core.internal.command.DbMigrate      : Migrating schema "public" to version "20260824023801052 - align datastore runtime contract"
2026-08-24T06:52:56.065Z  INFO 263297 --- [           main] o.f.core.internal.command.DbMigrate      : Migrating schema "public" to version "20260824035457854 - patch validation rule review concerns"
2026-08-24T06:52:56.073Z  INFO 263297 --- [           main] o.f.core.internal.command.DbMigrate      : Migrating schema "public" to version "20260824043658644 - align datastore runtime contract"
2026-08-24T06:52:56.089Z  INFO 263297 --- [           main] o.f.core.internal.command.DbMigrate      : Successfully applied 26 migrations to schema "public", now at version v20260824043658644 (execution time 00:00.190s)
2026-08-24T06:52:56.225Z  INFO 263297 --- [           main] o.hibernate.jpa.internal.util.LogHelper  : HHH000204: Processing PersistenceUnitInfo [name: default]
2026-08-24T06:52:56.281Z  INFO 263297 --- [           main] org.hibernate.Version                    : HHH000412: Hibernate ORM core version 6.4.4.Final
2026-08-24T06:52:56.316Z  INFO 263297 --- [           main] o.h.c.internal.RegionFactoryInitiator    : HHH000026: Second-level cache disabled
2026-08-24T06:52:56.572Z  INFO 263297 --- [           main] o.s.o.j.p.SpringPersistenceUnitInfo      : No LoadTimeWeaver setup: ignoring JPA class transformer
2026-08-24T06:52:56.650Z  WARN 263297 --- [           main] org.hibernate.orm.deprecation            : HHH90000025: PostgreSQLDialect does not need to be specified explicitly using 'hibernate.dialect' (remove the property setting and it will be selected by default)
2026-08-24T06:52:57.929Z  INFO 263297 --- [           main] o.h.e.t.j.p.i.JtaPlatformInitiator       : HHH000489: No JTA platform available (set 'hibernate.transaction.jta.platform' to enable JTA platform integration)
2026-08-24T06:52:57.935Z  INFO 263297 --- [           main] j.LocalContainerEntityManagerFactoryBean : Initialized JPA EntityManagerFactory for persistence unit 'default'
2026-08-24T06:52:58.502Z  INFO 263297 --- [           main] o.s.d.j.r.query.QueryEnhancerFactory     : Hibernate is in classpath; If applicable, HQL parser will be used.
2026-08-24T06:53:00.402Z  WARN 263297 --- [           main] JpaBaseConfiguration$JpaWebConfiguration : spring.jpa.open-in-view is enabled by default. Therefore, database queries may be performed during view rendering. Explicitly configure spring.jpa.open-in-view to disable this warning
2026-08-24T06:53:00.489Z  WARN 263297 --- [           main] .s.s.UserDetailsServiceAutoConfiguration :

Using generated security password: 9fa9d2ac-fe57-4e41-91eb-037ad7662388

This generated password is for development use only. Your security configuration must be updated before running your application in production.

2026-08-24T06:53:01.351Z  INFO 263297 --- [           main] o.s.b.a.e.web.EndpointLinksResolver      : Exposing 1 endpoint(s) beneath base path '/actuator'
2026-08-24T06:53:01.491Z  INFO 263297 --- [           main] o.s.s.web.DefaultSecurityFilterChain     : Will secure any request with [org.springframework.security.web.session.DisableEncodeUrlFilter@2ddcede5, org.springframework.security.web.context.request.async.WebAsyncManagerIntegrationFilter@337a9406, org.springframework.security.web.context.SecurityContextHolderFilter@71d191d3, org.springframework.security.web.header.HeaderWriterFilter@6066c4ff, org.springframework.web.filter.CorsFilter@31f7fbec, org.springframework.security.web.authentication.logout.LogoutFilter@4a79c8cf, com.eneik.epidemiology.security.JwtAuthenticationFilter@6ec2703e, org.springframework.security.web.savedrequest.RequestCacheAwareFilter@4e3c572e, org.springframework.security.web.servletapi.SecurityContextHolderAwareRequestFilter@5ce4a581, org.springframework.security.web.authentication.AnonymousAuthenticationFilter@23fa3130, org.springframework.security.web.session.SessionManagementFilter@46433800, org.springframework.security.web.access.ExceptionTranslationFilter@4de20c29, org.springframework.security.web.access.intercept.AuthorizationFilter@63d9cd59]
2026-08-24T06:53:02.588Z  INFO 263297 --- [           main] o.s.b.t.m.w.SpringBootMockServletContext : Initializing Spring TestDispatcherServlet ''
2026-08-24T06:53:02.589Z  INFO 263297 --- [           main] o.s.t.web.servlet.TestDispatcherServlet  : Initializing Servlet ''
2026-08-24T06:53:02.592Z  INFO 263297 --- [           main] o.s.t.web.servlet.TestDispatcherServlet  : Completed initialization in 3 ms
2026-08-24T06:53:02.765Z  INFO 263297 --- [           main] c.e.e.health.HealthControllerTest        : Started HealthControllerTest in 16.016 seconds (process running for 17.493)
]]></system-out>
    <system-err><![CDATA[WARNING: A Java agent has been loaded dynamically (/home/jules/.m2/repository/net/bytebuddy/byte-buddy-agent/1.14.13/byte-buddy-agent-1.14.13.jar)
WARNING: If a serviceability tool is in use, please run with -XX:+EnableDynamicAgentLoading to hide this warning
WARNING: If a serviceability tool is not in use, please run with -Djdk.instrument.traceUsage for more information
WARNING: Dynamic loading of agents will be disallowed by default in a future release
]]></system-err>
  </testcase>
  <testcase name="testActuatorHealthEndpoint" classname="com.eneik.epidemiology.health.HealthControllerTest" time="0.093"/>
</testsuite>